<?xml version="1.0" encoding="UTF-8"?>
<testsuite xmlns:xsi="http://www.w3.org/2001/XMLSchema-instance" xsi:noNamespaceSchemaLocation="https://maven.apache.org/surefire/maven-surefire-plugin/xsd/surefire-test-report.xsd" version="3.0.1" name="may.com.CalculatorTest" time="0.091" tests="3" errors="3" skipped="0" failures="0">
  <properties>
[...]
</properties>
  <testcase name="valueMinusTwoWhenTwoSubstracted" classname="may.com.CalculatorTest" time="0.035">
    <error message="Cannot invoke &quot;may.com.Calculator.subtract(int)&quot; because &quot;this.calculator&quot; is null" type="java.lang.NullPointerException"><![CDATA[java.lang.NullPointerException: Cannot invoke "may.com.Calculator.subtract(int)" because "this.calculator" is null
	at may.com.CalculatorTest.valueMinusTwoWhenTwoSubstracted(CalculatorTest.java:34)
	at java.base/java.lang.reflect.Method.invoke(Method.java:580)
	at java.base/java.util.ArrayList.forEach(ArrayList.java:1596)
	at java.base/java.util.ArrayList.forEach(ArrayList.java:1596)
]]></error>
  </testcase>
  <testcase name="valueFiveWhenFiveAdded" classname="may.com.CalculatorTest" time="0.004">
    <error message="Cannot invoke &quot;may.com.Calculator.add(int)&quot; because &quot;this.calculator&quot; is null" type="java.lang.NullPointerException"><![CDATA[java.lang.NullPointerException: Cannot invoke "may.com.Calculator.add(int)" because "this.calculator" is null
	at may.com.CalculatorTest.valueFiveWhenFiveAdded(CalculatorTest.java:27)
	at java.base/java.lang.reflect.Method.invoke(Method.java:580)
	at java.base/java.util.ArrayList.forEach(ArrayList.java:1596)
	at java.base/java.util.ArrayList.forEach(ArrayList.java:1596)
]]></error>
  </testcase>
  <testcase name="calculatorInitialValueZero" classname="may.com.CalculatorTest" time="0.003">
    <error message="Cannot invoke &quot;may.com.Calculator.getValue()&quot; because &quot;this.calculator&quot; is null" type="java.lang.NullPointerException"><![CDATA[java.lang.NullPointerException: Cannot invoke "may.com.Calculator.getValue()" because "this.calculator" is null
	at may.com.CalculatorTest.calculatorInitialValueZero(CalculatorTest.java:21)
	at java.base/java.lang.reflect.Method.invoke(Method.java:580)
	at java.base/java.util.ArrayList.forEach(ArrayList.java:1596)
	at java.base/java.util.ArrayList.forEach(ArrayList.java:1596)
]]></error>
  </testcase>
</testsuite>